[debug] [2018-03-17T09:45:27.690Z] ----------------------------------------------------------------------
[debug] [2018-03-17T09:45:27.696Z] Command:       C:\Program Files\nodejs\node.exe C:\Users\hp\AppData\Roaming\npm\node_modules\firebase-tools\bin\firebase deploy
[debug] [2018-03-17T09:45:27.697Z] CLI Version:   3.17.6
[debug] [2018-03-17T09:45:27.697Z] Platform:      win32
[debug] [2018-03-17T09:45:27.697Z] Node Version:  v8.9.4
[debug] [2018-03-17T09:45:27.699Z] Time:          Sat Mar 17 2018 15:15:27 GMT+0530 (India Standard Time)
[debug] [2018-03-17T09:45:27.699Z] ----------------------------------------------------------------------
[debug] 
[debug] [2018-03-17T09:45:27.731Z] > command requires scopes: ["email","openid","https://www.googleapis.com/auth/cloudplatformprojects.readonly","https://www.googleapis.com/auth/firebase","https://www.googleapis.com/auth/cloud-platform"]
[debug] [2018-03-17T09:45:27.732Z] > authorizing via signed-in user
[debug] [2018-03-17T09:45:27.737Z] >>> HTTP REQUEST GET https://admin.firebase.com/v1/projects/hiccapp-official  
  
 Sat Mar 17 2018 15:15:27 GMT+0530 (India Standard Time)
[debug] [2018-03-17T09:45:29.344Z] <<< HTTP RESPONSE 200
[debug] [2018-03-17T09:45:29.346Z] >>> HTTP REQUEST GET https://admin.firebase.com/v1/database/hiccapp-official/tokens  
  
 Sat Mar 17 2018 15:15:29 GMT+0530 (India Standard Time)
[debug] [2018-03-17T09:45:30.903Z] <<< HTTP RESPONSE 200
[info] 
[info] === Deploying to 'hiccapp-official'...
[info] 
[info] i  deploying database, storage, firestore, functions, hosting
[info] Running command: npm --prefix "%RESOURCE_DIR%" run lint
[info] +  functions: Finished running predeploy script.
[info] i  database: checking rules syntax...
[debug] [2018-03-17T09:45:39.198Z] >>> HTTP REQUEST PUT https://hiccapp-official.firebaseio.com/.settings/rules.json?dryRun=true  
 {
  "rules": {
    ".read": "auth != null",
    ".write": "auth != null"
  }
}
 
 Sat Mar 17 2018 15:15:39 GMT+0530 (India Standard Time)
[debug] [2018-03-17T09:45:41.980Z] <<< HTTP RESPONSE 200
[info] +  database: rules syntax for database hiccapp-official is valid
[debug] [2018-03-17T09:45:41.985Z] >>> HTTP REQUEST GET https://appengine.googleapis.com/v1/apps/hiccapp-official  
  
 Sat Mar 17 2018 15:15:41 GMT+0530 (India Standard Time)
[debug] [2018-03-17T09:45:45.159Z] <<< HTTP RESPONSE 200
[info] i  storage: checking storage.rules for compilation errors...
[debug] [2018-03-17T09:45:45.165Z] >>> HTTP REQUEST POST https://firebaserules.googleapis.com/v1/projects/hiccapp-official:test  
 { source: { files: [ [Object] ] } } 
 Sat Mar 17 2018 15:15:45 GMT+0530 (India Standard Time)
[debug] [2018-03-17T09:45:48.141Z] <<< HTTP RESPONSE 200
[info] +  storage: rules file storage.rules compiled successfully
[info] i  firestore: checking firestore.rules for compilation errors...
[debug] [2018-03-17T09:45:48.152Z] >>> HTTP REQUEST POST https://firebaserules.googleapis.com/v1/projects/hiccapp-official:test  
 { source: { files: [ [Object] ] } } 
 Sat Mar 17 2018 15:15:48 GMT+0530 (India Standard Time)
[debug] [2018-03-17T09:45:50.292Z] <<< HTTP RESPONSE 200
[info] +  firestore: rules file firestore.rules compiled successfully
[debug] [2018-03-17T09:45:50.295Z] > [functions] package.json contents: {
  "name": "functions",
  "description": "Cloud Functions for Firebase",
  "scripts": {
    "lint": "./node_modules/.bin/eslint .",
    "serve": "firebase serve --only functions",
    "shell": "firebase experimental:functions:shell",
    "start": "npm run shell",
    "deploy": "firebase deploy --only functions",
    "logs": "firebase functions:log"
  },
  "dependencies": {
    "firebase-admin": "~5.8.1",
    "firebase-functions": "^0.8.1"
  },
  "devDependencies": {
    "eslint": "^4.12.0",
    "eslint-plugin-promise": "^3.6.0"
  },
  "private": true
}
[info] i  functions: ensuring necessary APIs are enabled...
[debug] [2018-03-17T09:45:50.298Z] >>> HTTP REQUEST GET https://servicemanagement.googleapis.com/v1/services/cloudfunctions.googleapis.com/projectSettings/hiccapp-official?view=CONSUMER_VIEW  
  
 Sat Mar 17 2018 15:15:50 GMT+0530 (India Standard Time)
[debug] [2018-03-17T09:45:50.298Z] >>> HTTP REQUEST GET https://servicemanagement.googleapis.com/v1/services/runtimeconfig.googleapis.com/projectSettings/hiccapp-official?view=CONSUMER_VIEW  
  
 Sat Mar 17 2018 15:15:50 GMT+0530 (India Standard Time)
[debug] [2018-03-17T09:45:52.878Z] <<< HTTP RESPONSE 200
[debug] [2018-03-17T09:45:53.461Z] <<< HTTP RESPONSE 200
[info] +  functions: all necessary APIs are enabled
[debug] [2018-03-17T09:45:53.468Z] >>> HTTP REQUEST GET https://cloudresourcemanager.googleapis.com/v1/projects/hiccapp-official  
  
 Sat Mar 17 2018 15:15:53 GMT+0530 (India Standard Time)
[debug] [2018-03-17T09:45:55.748Z] <<< HTTP RESPONSE 200
[debug] [2018-03-17T09:45:55.750Z] >>> HTTP REQUEST GET https://mobilesdk-pa.googleapis.com/v1/projects/447455220269:getServerAppConfig  
  
 Sat Mar 17 2018 15:15:55 GMT+0530 (India Standard Time)
[debug] [2018-03-17T09:45:57.018Z] <<< HTTP RESPONSE 200
[info] i  storage: uploading rules storage.rules...
[debug] [2018-03-17T09:45:57.034Z] >>> HTTP REQUEST POST https://firebaserules.googleapis.com/v1/projects/hiccapp-official/rulesets  
 { source: { files: [ [Object] ] } } 
 Sat Mar 17 2018 15:15:57 GMT+0530 (India Standard Time)
[debug] [2018-03-17T09:45:58.613Z] <<< HTTP RESPONSE 200
[debug] [2018-03-17T09:45:58.613Z] [rules] created ruleset projects/hiccapp-official/rulesets/e339fd1b-752f-4f8a-8d52-c43c21f8be70
[info] i  firestore: uploading rules firestore.rules...
[debug] [2018-03-17T09:45:58.621Z] >>> HTTP REQUEST POST https://firebaserules.googleapis.com/v1/projects/hiccapp-official/rulesets  
 { source: { files: [ [Object] ] } } 
 Sat Mar 17 2018 15:15:58 GMT+0530 (India Standard Time)
[debug] [2018-03-17T09:45:58.623Z] >>> HTTP REQUEST GET https://firestore.googleapis.com/v1beta1/projects/hiccapp-official/databases/(default)/indexes  
  
 Sat Mar 17 2018 15:15:58 GMT+0530 (India Standard Time)
[debug] [2018-03-17T09:46:00.210Z] <<< HTTP RESPONSE 200
[debug] [2018-03-17T09:46:00.211Z] [rules] created ruleset projects/hiccapp-official/rulesets/b652f78f-a75f-4411-b29b-efad401b4539
[debug] [2018-03-17T09:46:01.169Z] <<< HTTP RESPONSE 200
[info] i  functions: preparing functions directory for uploading...
[debug] [2018-03-17T09:46:01.179Z] >>> HTTP REQUEST GET https://runtimeconfig.googleapis.com/v1beta1/projects/hiccapp-official/configs  
  
 Sat Mar 17 2018 15:16:01 GMT+0530 (India Standard Time)
[debug] [2018-03-17T09:46:02.132Z] <<< HTTP RESPONSE 200
[info] i  hosting: preparing public directory for upload...
[debug] [2018-03-17T09:46:03.413Z] >>> HTTP REQUEST PUT https://deploy.firebase.com/v1/hosting/hiccapp-official/uploads/-L7nLVQSqJrNw-jbRyHW?fileCount=17&message=  
  
 Sat Mar 17 2018 15:16:03 GMT+0530 (India Standard Time)
[debug] [2018-03-17T09:46:07.589Z] <<< HTTP RESPONSE 200
[debug] [2018-03-17T09:46:07.590Z] [hosting] .tgz uploaded successfully, waiting for extraction
[info] +  hosting: 17 files uploaded successfully
[info] i  database: releasing rules...
[debug] [2018-03-17T09:46:08.553Z] >>> HTTP REQUEST PUT https://hiccapp-official.firebaseio.com/.settings/rules.json  
 {
  "rules": {
    ".read": "auth != null",
    ".write": "auth != null"
  }
}
 
 Sat Mar 17 2018 15:16:08 GMT+0530 (India Standard Time)
[debug] [2018-03-17T09:46:10.129Z] <<< HTTP RESPONSE 200
[info] +  database: rules for database hiccapp-official released successfully
[debug] [2018-03-17T09:46:10.137Z] [rules] releasing firebase.storage/hiccapp-official.appspot.com with ruleset projects/hiccapp-official/rulesets/e339fd1b-752f-4f8a-8d52-c43c21f8be70
[debug] [2018-03-17T09:46:10.138Z] >>> HTTP REQUEST PATCH https://firebaserules.googleapis.com/v1/projects/hiccapp-official/releases/firebase.storage/hiccapp-official.appspot.com  
 { release: 
   { name: 'projects/hiccapp-official/releases/firebase.storage/hiccapp-official.appspot.com',
     rulesetName: 'projects/hiccapp-official/rulesets/e339fd1b-752f-4f8a-8d52-c43c21f8be70' } } 
 Sat Mar 17 2018 15:16:10 GMT+0530 (India Standard Time)
[debug] [2018-03-17T09:46:11.729Z] <<< HTTP RESPONSE 200
[debug] [2018-03-17T09:46:11.729Z] [rules] updated release projects/hiccapp-official/releases/firebase.storage/hiccapp-official.appspot.com
[info] +  storage: released rules storage.rules to firebase.storage/hiccapp-official.appspot.com
[debug] [2018-03-17T09:46:11.735Z] [rules] releasing cloud.firestore with ruleset projects/hiccapp-official/rulesets/b652f78f-a75f-4411-b29b-efad401b4539
[debug] [2018-03-17T09:46:11.736Z] >>> HTTP REQUEST PATCH https://firebaserules.googleapis.com/v1/projects/hiccapp-official/releases/cloud.firestore  
 { release: 
   { name: 'projects/hiccapp-official/releases/cloud.firestore',
     rulesetName: 'projects/hiccapp-official/rulesets/b652f78f-a75f-4411-b29b-efad401b4539' } } 
 Sat Mar 17 2018 15:16:11 GMT+0530 (India Standard Time)
[debug] [2018-03-17T09:46:13.168Z] <<< HTTP RESPONSE 200
[debug] [2018-03-17T09:46:13.169Z] [rules] updated release projects/hiccapp-official/releases/cloud.firestore
[info] +  firestore: released rules firestore.rules to cloud.firestore
[debug] [2018-03-17T09:46:13.173Z] >>> HTTP REQUEST GET https://cloudfunctions.googleapis.com/v1/projects/hiccapp-official/locations/us-central1/functions  
  
 Sat Mar 17 2018 15:16:13 GMT+0530 (India Standard Time)
